

[2025-07-16 09:32:02] EXCEPTION: Call to private ErrorHandler::__construct() from global scope in forgot_password.php:14
Stack trace:
URL: /diary-journal/auth/forgot_password.php
IP: ::1

[2025-07-16 09:32:06] EXCEPTION: Call to private ErrorHandler::__construct() from global scope in forgot_password.php:14
Stack trace:
URL: /diary-journal/auth/forgot_password.php
IP: ::1

[2025-07-16 09:47:26] EXCEPTION: Call to private ErrorHandler::__construct() from global scope in forgot_password.php:14
Stack trace:
URL: /diary-journal/auth/forgot_password.php
IP: ::1

[2025-07-16 09:51:00] EXCEPTION: Call to private ErrorHandler::__construct() from global scope in forgot_password.php:14
Stack trace:
URL: /diary-journal/auth/forgot_password.php
IP: ::1

[2025-08-05 11:47:10] EXCEPTION: Call to private ErrorHandler::__construct() from global scope in forgot_password.php:14
Stack trace:
URL: /student-routine-organizer/auth/forgot_password.php
IP: ::1

