
=== PASSWORD RESET EMAIL FAILED ===
Date: 2025-08-29 04:17:44
To: jhteoh20@1utar.my
Reset Link: http://localhost/Student-Routine-Organizer/auth/auth/reset_password.php?token=b92059a3a1d7d435c4c1d8a0d399321202226ff83bbca371a354b10d5c73bfbc
Status: FAILED
Error: SMTP Error: data not accepted.
=============================


=== PASSWORD RESET EMAIL FAILED ===
Date: 2025-08-29 04:17:58
To: jhteoh20@1utar.my
Reset Link: http://localhost/Student-Routine-Organizer/auth/auth/reset_password.php?token=9d3280fae864b22c86ec0f64de5355191866c4067ad788391012dc8f548bdf01
Status: FAILED
Error: SMTP Error: data not accepted.
=============================


=== PASSWORD RESET EMAIL FAILED ===
Date: 2025-08-29 04:25:46
To: jhteoh20@1utar.my
Reset Link: http://localhost/Student-Routine-Organizer/auth/reset_password.php?token=4abdba379a46daeece5289637cc8a7d1bb4ac94ef4a3182f55539cded41f8cbd
Status: FAILED
Error: SMTP Error: data not accepted.
=============================


=== PASSWORD RESET EMAIL FAILED ===
Date: 2025-08-29 04:26:08
To: jhteoh20@1utar.my
Reset Link: http://localhost/Student-Routine-Organizer/auth/reset_password.php?token=153780da51ca61c6a7dd703d26d0b85b3cd549cb691f4e4d7fcd9a08b96da202
Status: FAILED
Error: SMTP Error: data not accepted.
=============================


=== PASSWORD RESET EMAIL FAILED ===
Date: 2025-08-29 04:26:21
To: jhteoh20@1utar.my
Reset Link: http://localhost/Student-Routine-Organizer/auth/reset_password.php?token=149e8eb11d79411ebd15dce40a12fa45ca395527df0dab745e45e13b3b8a6cb0
Status: FAILED
Error: SMTP Error: data not accepted.
=============================


=== PASSWORD RESET EMAIL FAILED ===
Date: 2025-08-29 04:26:55
To: jhteoh20@1utar.my
Reset Link: http://localhost/Student-Routine-Organizer/auth/reset_password.php?token=0b9db79ec2454146b128023a2e0dcd0a5e32d7d9f2addd9703fb9ca204545287
Status: FAILED
Error: SMTP Error: data not accepted.
=============================


=== PASSWORD RESET EMAIL FAILED ===
Date: 2025-08-29 04:31:01
To: jhteoh20@1utar.my
Reset Link: http://localhost/Student-Routine-Organizer/auth/reset_password.php?token=a885e3b003fb4d9ae2e45b29d65b3602ecd084d0537a4325a779c7247cd234d3
Status: FAILED
Error: SMTP Error: data not accepted.
=============================


=== PASSWORD RESET EMAIL FAILED ===
Date: 2025-08-29 04:31:01
To: jhteoh20@1utar.my
Reset Link: http://localhost/Student-Routine-Organizer/auth/reset_password.php?token=a885e3b003fb4d9ae2e45b29d65b3602ecd084d0537a4325a779c7247cd234d3
Status: FAILED
Error: TRIAL_ACCOUNT_LIMITATION - Reset link logged for manual testing
=============================


=== PASSWORD RESET EMAIL FAILED ===
Date: 2025-08-29 04:31:05
To: jhteoh20@1utar.my
Reset Link: http://localhost/Student-Routine-Organizer/auth/reset_password.php?token=efedfe0e243c732bcc445665d212c05dd51e6bb8a92d5ce16187adb1ab7fcf39
Status: FAILED
Error: SMTP Error: data not accepted.
=============================


=== PASSWORD RESET EMAIL FAILED ===
Date: 2025-08-29 04:31:05
To: jhteoh20@1utar.my
Reset Link: http://localhost/Student-Routine-Organizer/auth/reset_password.php?token=efedfe0e243c732bcc445665d212c05dd51e6bb8a92d5ce16187adb1ab7fcf39
Status: FAILED
Error: TRIAL_ACCOUNT_LIMITATION - Reset link logged for manual testing
=============================


=== PASSWORD RESET EMAIL FAILED ===
Date: 2025-08-29 04:36:22
To: jhteoh20@1utar.my
Reset Link: http://localhost/Student-Routine-Organizer/auth/reset_password.php?token=67e69b561939adf36cce4ddfae1fd3dbee1a9fbfab0cb6ca2a99b22c48e701cb
Status: FAILED
Error: SMTP Error: data not accepted.
=============================


=== PASSWORD RESET EMAIL FAILED ===
Date: 2025-08-29 04:36:22
To: jhteoh20@1utar.my
Reset Link: http://localhost/Student-Routine-Organizer/auth/reset_password.php?token=67e69b561939adf36cce4ddfae1fd3dbee1a9fbfab0cb6ca2a99b22c48e701cb
Status: FAILED
Error: TRIAL_ACCOUNT_LIMITATION - Reset link logged for manual testing
=============================


=== PASSWORD RESET EMAIL FAILED ===
Date: 2025-08-29 04:56:13
To: jhteoh20@1utar.my
Reset Link: http://localhost/Student-Routine-Organizer/auth/reset_password.php?token=9ffb25b04ec6b66b43a3efae4fd8de7e03b4fa6db06e71f232d5855e11bcbfe1
Status: FAILED
Error: SMTP Error: data not accepted.
=============================


=== PASSWORD RESET EMAIL FAILED ===
Date: 2025-08-29 04:56:13
To: jhteoh20@1utar.my
Reset Link: http://localhost/Student-Routine-Organizer/auth/reset_password.php?token=9ffb25b04ec6b66b43a3efae4fd8de7e03b4fa6db06e71f232d5855e11bcbfe1
Status: FAILED
Error: TRIAL_ACCOUNT_LIMITATION - Reset link logged for manual testing
=============================


=== PASSWORD RESET EMAIL FAILED ===
Date: 2025-08-29 04:56:30
To: jhteoh20@1utar.my
Reset Link: http://localhost/Student-Routine-Organizer/auth/reset_password.php?token=95d8e6c6cd1a6c185c25531b6e993f6bf3a9f49a6f55eb1ece1d8190cb587b97
Status: FAILED
Error: SMTP Error: data not accepted.
=============================


=== PASSWORD RESET EMAIL FAILED ===
Date: 2025-08-29 04:56:30
To: jhteoh20@1utar.my
Reset Link: http://localhost/Student-Routine-Organizer/auth/reset_password.php?token=95d8e6c6cd1a6c185c25531b6e993f6bf3a9f49a6f55eb1ece1d8190cb587b97
Status: FAILED
Error: TRIAL_ACCOUNT_LIMITATION - Reset link logged for manual testing
=============================


=== PASSWORD RESET EMAIL FAILED ===
Date: 2025-08-29 04:59:21
To: jhteoh20@1utar.my
Reset Link: http://localhost/Student-Routine-Organizer/auth/reset_password.php?token=cfcc9a5052ccfc5d24c795df2ebada3626c06d95aafd8a2a3547b4dc689d9b34
Status: FAILED
Error: SMTP Error: data not accepted.
=============================


=== PASSWORD RESET EMAIL FAILED ===
Date: 2025-08-29 04:59:21
To: jhteoh20@1utar.my
Reset Link: http://localhost/Student-Routine-Organizer/auth/reset_password.php?token=cfcc9a5052ccfc5d24c795df2ebada3626c06d95aafd8a2a3547b4dc689d9b34
Status: FAILED
Error: TRIAL_ACCOUNT_LIMITATION - Reset link logged for manual testing
=============================


=== PASSWORD RESET EMAIL FAILED ===
Date: 2025-08-29 05:07:21
To: jhteoh20@1utar.my
Reset Link: http://localhost/Student-Routine-Organizer/auth/reset_password.php?token=9568aebf01cf45ba05bf90cc767d72b491044e7b298ce49a9c1b518d80642abb
Status: FAILED
Error: SMTP Error: data not accepted.
=============================


=== PASSWORD RESET EMAIL FAILED ===
Date: 2025-08-29 05:07:21
To: jhteoh20@1utar.my
Reset Link: http://localhost/Student-Routine-Organizer/auth/reset_password.php?token=9568aebf01cf45ba05bf90cc767d72b491044e7b298ce49a9c1b518d80642abb
Status: FAILED
Error: TRIAL_ACCOUNT_LIMITATION - Reset link logged for manual testing
=============================

